{"C:\\dev\\git\\genesis-user-app\\src\\functions\\formValidation\\formValidation.ts": {"path":"C:\\dev\\git\\genesis-user-app\\src\\functions\\formValidation\\formValidation.ts","statementMap":{"0":{"start":{"line":2,"column":16},"end":{"line":2,"column":17}},"1":{"start":{"line":3,"column":2},"end":{"line":38,"column":null}},"2":{"start":{"line":3,"column":15},"end":{"line":3,"column":16}},"3":{"start":{"line":4,"column":4},"end":{"line":4,"column":null}},"4":{"start":{"line":5,"column":23},"end":{"line":5,"column":50}},"5":{"start":{"line":6,"column":4},"end":{"line":37,"column":null}},"6":{"start":{"line":8,"column":8},"end":{"line":11,"column":null}},"7":{"start":{"line":9,"column":10},"end":{"line":9,"column":null}},"8":{"start":{"line":10,"column":10},"end":{"line":10,"column":23}},"9":{"start":{"line":11,"column":15},"end":{"line":11,"column":null}},"10":{"start":{"line":12,"column":8},"end":{"line":12,"column":14}},"11":{"start":{"line":14,"column":8},"end":{"line":17,"column":null}},"12":{"start":{"line":15,"column":10},"end":{"line":15,"column":null}},"13":{"start":{"line":16,"column":10},"end":{"line":16,"column":23}},"14":{"start":{"line":17,"column":15},"end":{"line":17,"column":null}},"15":{"start":{"line":18,"column":8},"end":{"line":18,"column":14}},"16":{"start":{"line":20,"column":8},"end":{"line":23,"column":null}},"17":{"start":{"line":21,"column":10},"end":{"line":21,"column":null}},"18":{"start":{"line":22,"column":10},"end":{"line":22,"column":23}},"19":{"start":{"line":23,"column":15},"end":{"line":23,"column":null}},"20":{"start":{"line":24,"column":8},"end":{"line":24,"column":14}},"21":{"start":{"line":26,"column":8},"end":{"line":32,"column":null}},"22":{"start":{"line":30,"column":10},"end":{"line":30,"column":null}},"23":{"start":{"line":31,"column":10},"end":{"line":31,"column":23}},"24":{"start":{"line":32,"column":15},"end":{"line":32,"column":null}},"25":{"start":{"line":33,"column":8},"end":{"line":33,"column":14}},"26":{"start":{"line":36,"column":8},"end":{"line":36,"column":14}},"27":{"start":{"line":39,"column":2},"end":{"line":41,"column":null}},"28":{"start":{"line":40,"column":4},"end":{"line":40,"column":null}},"29":{"start":{"line":41,"column":9},"end":{"line":41,"column":null}},"30":{"start":{"line":1,"column":0},"end":{"line":1,"column":16}},"31":{"start":{"line":45,"column":22},"end":{"line":45,"column":41}},"32":{"start":{"line":46,"column":16},"end":{"line":46,"column":51}},"33":{"start":{"line":48,"column":2},"end":{"line":48,"column":29}},"34":{"start":{"line":50,"column":2},"end":{"line":50,"column":null}},"35":{"start":{"line":44,"column":0},"end":{"line":44,"column":16}},"36":{"start":{"line":54,"column":22},"end":{"line":54,"column":41}},"37":{"start":{"line":55,"column":16},"end":{"line":55,"column":51}},"38":{"start":{"line":57,"column":2},"end":{"line":57,"column":24}},"39":{"start":{"line":59,"column":2},"end":{"line":59,"column":41}},"40":{"start":{"line":53,"column":0},"end":{"line":53,"column":16}}},"fnMap":{"0":{"name":"formValidation","decl":{"start":{"line":1,"column":16},"end":{"line":1,"column":30}},"loc":{"start":{"line":1,"column":45},"end":{"line":42,"column":1}}},"1":{"name":"setErrorFor","decl":{"start":{"line":44,"column":16},"end":{"line":44,"column":27}},"loc":{"start":{"line":44,"column":68},"end":{"line":51,"column":1}}},"2":{"name":"setSuccessFor","decl":{"start":{"line":53,"column":16},"end":{"line":53,"column":29}},"loc":{"start":{"line":53,"column":53},"end":{"line":60,"column":1}}}},"branchMap":{"0":{"loc":{"start":{"line":6,"column":4},"end":{"line":37,"column":null}},"type":"switch","locations":[{"start":{"line":7,"column":6},"end":{"line":12,"column":14}},{"start":{"line":13,"column":6},"end":{"line":18,"column":14}},{"start":{"line":19,"column":6},"end":{"line":24,"column":14}},{"start":{"line":25,"column":6},"end":{"line":33,"column":14}},{"start":{"line":35,"column":6},"end":{"line":36,"column":14}}]},"1":{"loc":{"start":{"line":8,"column":8},"end":{"line":11,"column":null}},"type":"if","locations":[{"start":{"line":8,"column":8},"end":{"line":11,"column":null}},{"start":{"line":11,"column":15},"end":{"line":11,"column":null}}]},"2":{"loc":{"start":{"line":14,"column":8},"end":{"line":17,"column":null}},"type":"if","locations":[{"start":{"line":14,"column":8},"end":{"line":17,"column":null}},{"start":{"line":17,"column":15},"end":{"line":17,"column":null}}]},"3":{"loc":{"start":{"line":20,"column":8},"end":{"line":23,"column":null}},"type":"if","locations":[{"start":{"line":20,"column":8},"end":{"line":23,"column":null}},{"start":{"line":23,"column":15},"end":{"line":23,"column":null}}]},"4":{"loc":{"start":{"line":26,"column":8},"end":{"line":32,"column":null}},"type":"if","locations":[{"start":{"line":26,"column":8},"end":{"line":32,"column":null}},{"start":{"line":32,"column":15},"end":{"line":32,"column":null}}]},"5":{"loc":{"start":{"line":39,"column":2},"end":{"line":41,"column":null}},"type":"if","locations":[{"start":{"line":39,"column":2},"end":{"line":41,"column":null}},{"start":{"line":41,"column":9},"end":{"line":41,"column":null}}]}},"s":{"0":1,"1":1,"2":1,"3":0,"4":0,"5":0,"6":0,"7":0,"8":0,"9":0,"10":0,"11":0,"12":0,"13":0,"14":0,"15":0,"16":0,"17":0,"18":0,"19":0,"20":0,"21":0,"22":0,"23":0,"24":0,"25":0,"26":0,"27":1,"28":0,"29":1,"30":1,"31":0,"32":0,"33":0,"34":0,"35":1,"36":0,"37":0,"38":0,"39":0,"40":1},"f":{"0":1,"1":0,"2":0},"b":{"0":[0,0,0,0,0],"1":[0,0],"2":[0,0],"3":[0,0],"4":[0,0],"5":[0,1]}}
,"C:\\dev\\git\\genesis-user-app\\src\\functions\\getUsers\\getUsers.ts": {"path":"C:\\dev\\git\\genesis-user-app\\src\\functions\\getUsers\\getUsers.ts","statementMap":{"0":{"start":{"line":4,"column":2},"end":{"line":4,"column":null}},"1":{"start":{"line":3,"column":0},"end":{"line":3,"column":16}},"2":{"start":{"line":9,"column":23},"end":{"line":14,"column":31}},"3":{"start":{"line":16,"column":4},"end":{"line":16,"column":17}},"4":{"start":{"line":7,"column":0},"end":{"line":7,"column":7}},"5":{"start":{"line":20,"column":16},"end":{"line":20,"column":73}},"6":{"start":{"line":22,"column":4},"end":{"line":32,"column":null}},"7":{"start":{"line":23,"column":23},"end":{"line":23,"column":39}},"8":{"start":{"line":24,"column":6},"end":{"line":26,"column":null}},"9":{"start":{"line":25,"column":8},"end":{"line":25,"column":null}},"10":{"start":{"line":27,"column":31},"end":{"line":27,"column":52}},"11":{"start":{"line":28,"column":6},"end":{"line":28,"column":23}},"12":{"start":{"line":31,"column":6},"end":{"line":31,"column":18}}},"fnMap":{"0":{"name":"updateLocalStorage","decl":{"start":{"line":3,"column":16},"end":{"line":3,"column":34}},"loc":{"start":{"line":3,"column":47},"end":{"line":5,"column":1}}},"1":{"name":"getUsers","decl":{"start":{"line":7,"column":22},"end":{"line":7,"column":30}},"loc":{"start":{"line":7,"column":62},"end":{"line":17,"column":3}}},"2":{"name":"getUsersFromAPI","decl":{"start":{"line":19,"column":17},"end":{"line":19,"column":32}},"loc":{"start":{"line":19,"column":32},"end":{"line":33,"column":3}}}},"branchMap":{"0":{"loc":{"start":{"line":9,"column":23},"end":{"line":14,"column":31}},"type":"cond-expr","locations":[{"start":{"line":13,"column":8},"end":{"line":13,"column":25}},{"start":{"line":14,"column":8},"end":{"line":14,"column":31}}]},"1":{"loc":{"start":{"line":9,"column":24},"end":{"line":12,"column":32}},"type":"binary-expr","locations":[{"start":{"line":9,"column":24},"end":{"line":10,"column":32}},{"start":{"line":11,"column":9},"end":{"line":12,"column":32}}]},"2":{"loc":{"start":{"line":24,"column":6},"end":{"line":26,"column":null}},"type":"if","locations":[{"start":{"line":24,"column":6},"end":{"line":26,"column":null}}]}},"s":{"0":0,"1":1,"2":1,"3":1,"4":1,"5":1,"6":1,"7":1,"8":0,"9":0,"10":0,"11":0,"12":1},"f":{"0":0,"1":1,"2":1},"b":{"0":[0,1],"1":[1,0],"2":[0]}}
}
