TN:
SF:src\functions\formValidation\formValidation.ts
FN:1,formValidation
FN:44,setErrorFor
FN:53,setSuccessFor
FNF:3
FNH:1
FNDA:1,formValidation
FNDA:0,setErrorFor
FNDA:0,setSuccessFor
DA:1,1
DA:2,1
DA:3,1
DA:4,0
DA:5,0
DA:6,0
DA:8,0
DA:9,0
DA:10,0
DA:11,0
DA:12,0
DA:14,0
DA:15,0
DA:16,0
DA:17,0
DA:18,0
DA:20,0
DA:21,0
DA:22,0
DA:23,0
DA:24,0
DA:26,0
DA:30,0
DA:31,0
DA:32,0
DA:33,0
DA:36,0
DA:39,1
DA:40,0
DA:41,1
DA:44,1
DA:45,0
DA:46,0
DA:48,0
DA:50,0
DA:53,1
DA:54,0
DA:55,0
DA:57,0
DA:59,0
LF:40
LH:7
BRDA:6,0,0,0
BRDA:6,0,1,0
BRDA:6,0,2,0
BRDA:6,0,3,0
BRDA:6,0,4,0
BRDA:8,1,0,0
BRDA:8,1,1,0
BRDA:14,2,0,0
BRDA:14,2,1,0
BRDA:20,3,0,0
BRDA:20,3,1,0
BRDA:26,4,0,0
BRDA:26,4,1,0
BRDA:39,5,0,0
BRDA:39,5,1,1
BRF:15
BRH:1
end_of_record
TN:
SF:src\functions\getUsers\getUsers.ts
FN:3,updateLocalStorage
FN:7,getUsers
FN:19,getUsersFromAPI
FNF:3
FNH:2
FNDA:0,updateLocalStorage
FNDA:1,getUsers
FNDA:1,getUsersFromAPI
DA:3,1
DA:4,0
DA:7,1
DA:9,1
DA:16,1
DA:20,1
DA:22,1
DA:23,1
DA:24,0
DA:25,0
DA:27,0
DA:28,0
DA:31,1
LF:13
LH:8
BRDA:9,0,0,0
BRDA:9,0,1,1
BRDA:9,1,0,1
BRDA:9,1,1,0
BRDA:24,2,0,0
BRF:5
BRH:2
end_of_record
